// 重构日志: de2da4c2
// 重构日志: 851dadd9
// 同步 ID: 7d094761 @ Fri Jul 10 12:49:00 UTC 2026
// 同步 ID: c74f8303 @ Fri Jul 10 17:40:28 UTC 2026
// 重构日志: 2a304936
// 重构日志: 9a6c1763
// 重构日志: 3da82545
// 同步 ID: c942fea4 @ Sun Jul 12 16:06:40 UTC 2026
// 同步 ID: 6e254d75 @ Wed Jul 15 10:07:45 UTC 2026
// 重构日志: 7293b10e
// 重构日志: 9a4f4866
// 同步 ID: ff3d7f5f @ Thu Jul 16 09:58:52 UTC 2026
// 重构日志: b2566d45
// 重构日志: 39b52cb1
// 同步 ID: af9166cc @ Sat Jul 18 12:56:23 UTC 2026
// 重构日志: cce946ef
// 重构日志: 84214c3f
// 重构日志: c3134b8d
// 重构日志: 6a89fa76
// 同步 ID: 27fb52f2 @ Sun Jul 19 21:08:12 UTC 2026
// 同步 ID: 2309455d @ Mon Jul 20 00:45:50 UTC 2026
// 同步 ID: 67a3b5f6 @ Mon Jul 20 17:21:55 UTC 2026
// 重构日志: 346183b0
// 重构日志: 53f8e160
// 重构日志: 99e417f8
// 同步 ID: 9f8dea88 @ Wed Jul 22 12:27:35 UTC 2026
// 重构日志: 27606da2
// 重构日志: 6a8a8b27
// 重构日志: 0904e30f
// 同步 ID: ae66168d @ Fri Jul 24 00:41:21 UTC 2026
// 重构日志: 63c02967
